2024-08-08T08:00:22.156+05:30  WARN 13624 --- [hrms] [HikariPool-18 housekeeper] com.zaxxer.hikari.pool.HikariPool        : HikariPool-18 - Thread starvation or clock leap detected (housekeeper delta=15h7m42s294ms438µs200ns).
2024-08-08T10:00:33.319+05:30  INFO 13624 --- [hrms] [File Watcher] rtingClassPathChangeChangedEventListener : Restarting due to 1 class path change (0 additions, 0 deletions, 1 modification)
2024-08-08T10:00:33.362+05:30  INFO 13624 --- [hrms] [Thread-69] j.LocalContainerEntityManagerFactoryBean : Closing JPA EntityManagerFactory for persistence unit 'default'
2024-08-08T10:00:33.378+05:30  INFO 13624 --- [hrms] [Thread-69] com.zaxxer.hikari.HikariDataSource       : HikariPool-18 - Shutdown initiated...
2024-08-08T10:00:33.411+05:30  INFO 13624 --- [hrms] [Thread-69] com.zaxxer.hikari.HikariDataSource       : HikariPool-18 - Shutdown completed.
2024-08-08T10:00:33.731+05:30  INFO 13624 --- [hrms] [restartedMain] c.example.hrPortal.hrms.HrmsApplication  : Starting HrmsApplication using Java 21.0.4 with PID 13624 (C:\Users\Mehul Shakya\Documents\HRMS(poc) proejct\hrms-main\hrms\target\classes started by Mehul Shakya in C:\Users\Mehul Shakya\Documents\HRMS(poc) proejct\hrms-main\hrms)
2024-08-08T10:00:33.734+05:30  INFO 13624 --- [hrms] [restartedMain] c.example.hrPortal.hrms.HrmsApplication  : No active profile set, falling back to 1 default profile: "default"
2024-08-08T10:00:34.603+05:30  INFO 13624 --- [hrms] [restartedMain] .s.d.r.c.RepositoryConfigurationDelegate : Bootstrapping Spring Data JPA repositories in DEFAULT mode.
2024-08-08T10:00:34.670+05:30  INFO 13624 --- [hrms] [restartedMain] .s.d.r.c.RepositoryConfigurationDelegate : Finished Spring Data repository scanning in 62 ms. Found 4 JPA repository interfaces.
2024-08-08T10:00:35.086+05:30  INFO 13624 --- [hrms] [restartedMain] o.s.b.w.embedded.tomcat.TomcatWebServer  : Tomcat initialized with port 8082 (http)
2024-08-08T10:00:35.095+05:30  INFO 13624 --- [hrms] [restartedMain] o.apache.catalina.core.StandardService   : Starting service [Tomcat]
2024-08-08T10:00:35.096+05:30  INFO 13624 --- [hrms] [restartedMain] o.apache.catalina.core.StandardEngine    : Starting Servlet engine: [Apache Tomcat/10.1.26]
2024-08-08T10:00:35.166+05:30  INFO 13624 --- [hrms] [restartedMain] o.a.c.c.C.[Tomcat-4].[localhost].[/]     : Initializing Spring embedded WebApplicationContext
2024-08-08T10:00:35.170+05:30  INFO 13624 --- [hrms] [restartedMain] w.s.c.ServletWebServerApplicationContext : Root WebApplicationContext: initialization completed in 1418 ms
2024-08-08T10:00:35.249+05:30  INFO 13624 --- [hrms] [restartedMain] com.zaxxer.hikari.HikariDataSource       : HikariPool-19 - Starting...
2024-08-08T10:00:35.268+05:30  INFO 13624 --- [hrms] [restartedMain] com.zaxxer.hikari.pool.HikariPool        : HikariPool-19 - Added connection com.mysql.cj.jdbc.ConnectionImpl@73e02992
2024-08-08T10:00:35.269+05:30  INFO 13624 --- [hrms] [restartedMain] com.zaxxer.hikari.HikariDataSource       : HikariPool-19 - Start completed.
2024-08-08T10:00:35.331+05:30  INFO 13624 --- [hrms] [restartedMain] o.hibernate.jpa.internal.util.LogHelper  : HHH000204: Processing PersistenceUnitInfo [name: default]
2024-08-08T10:00:35.343+05:30  INFO 13624 --- [hrms] [restartedMain] o.h.c.internal.RegionFactoryInitiator    : HHH000026: Second-level cache disabled
2024-08-08T10:00:35.390+05:30  INFO 13624 --- [hrms] [restartedMain] o.s.o.j.p.SpringPersistenceUnitInfo      : No LoadTimeWeaver setup: ignoring JPA class transformer
2024-08-08T10:00:35.399+05:30  WARN 13624 --- [hrms] [restartedMain] org.hibernate.orm.deprecation            : HHH90000025: MySQL8Dialect does not need to be specified explicitly using 'hibernate.dialect' (remove the property setting and it will be selected by default)
2024-08-08T10:00:35.415+05:30  WARN 13624 --- [hrms] [restartedMain] org.hibernate.orm.deprecation            : HHH90000026: MySQL8Dialect has been deprecated; use org.hibernate.dialect.MySQLDialect instead
2024-08-08T10:00:35.997+05:30  INFO 13624 --- [hrms] [restartedMain] o.h.e.t.j.p.i.JtaPlatformInitiator       : HHH000489: No JTA platform available (set 'hibernate.transaction.jta.platform' to enable JTA platform integration)
2024-08-08T10:00:36.041+05:30  INFO 13624 --- [hrms] [restartedMain] j.LocalContainerEntityManagerFactoryBean : Initialized JPA EntityManagerFactory for persistence unit 'default'
2024-08-08T10:00:36.359+05:30  WARN 13624 --- [hrms] [restartedMain] JpaBaseConfiguration$JpaWebConfiguration : spring.jpa.open-in-view is enabled by default. Therefore, database queries may be performed during view rendering. Explicitly configure spring.jpa.open-in-view to disable this warning
2024-08-08T10:00:36.688+05:30  INFO 13624 --- [hrms] [restartedMain] o.s.b.d.a.OptionalLiveReloadServer       : LiveReload server is running on port 35729
2024-08-08T10:00:36.713+05:30  INFO 13624 --- [hrms] [restartedMain] o.s.b.w.embedded.tomcat.TomcatWebServer  : Tomcat started on port 8082 (http) with context path '/'
2024-08-08T10:00:36.725+05:30  INFO 13624 --- [hrms] [restartedMain] c.example.hrPortal.hrms.HrmsApplication  : Started HrmsApplication in 3.186 seconds (process running for 90022.442)
2024-08-08T10:00:36.730+05:30  INFO 13624 --- [hrms] [restartedMain] .ConditionEvaluationDeltaLoggingListener : Condition evaluation unchanged
2024-08-08T10:24:40.913+05:30  INFO 13624 --- [hrms] [http-nio-8082-exec-1] o.a.c.c.C.[Tomcat-4].[localhost].[/]     : Initializing Spring DispatcherServlet 'dispatcherServlet'
2024-08-08T10:24:40.915+05:30  INFO 13624 --- [hrms] [http-nio-8082-exec-1] o.s.web.servlet.DispatcherServlet        : Initializing Servlet 'dispatcherServlet'
2024-08-08T10:24:40.918+05:30  INFO 13624 --- [hrms] [http-nio-8082-exec-1] o.s.web.servlet.DispatcherServlet        : Completed initialization in 2 ms
2024-08-08T10:28:27.655+05:30  INFO 13624 --- [hrms] [File Watcher] rtingClassPathChangeChangedEventListener : Restarting due to 1 class path change (0 additions, 0 deletions, 1 modification)
2024-08-08T10:28:27.672+05:30  INFO 13624 --- [hrms] [Thread-73] j.LocalContainerEntityManagerFactoryBean : Closing JPA EntityManagerFactory for persistence unit 'default'
2024-08-08T10:28:27.674+05:30  INFO 13624 --- [hrms] [Thread-73] com.zaxxer.hikari.HikariDataSource       : HikariPool-19 - Shutdown initiated...
2024-08-08T10:28:27.692+05:30  INFO 13624 --- [hrms] [Thread-73] com.zaxxer.hikari.HikariDataSource       : HikariPool-19 - Shutdown completed.
2024-08-08T10:28:28.504+05:30  INFO 13624 --- [hrms] [restartedMain] c.example.hrPortal.hrms.HrmsApplication  : Starting HrmsApplication using Java 21.0.4 with PID 13624 (C:\Users\Mehul Shakya\Documents\HRMS(poc) proejct\hrms-main\hrms\target\classes started by Mehul Shakya in C:\Users\Mehul Shakya\Documents\HRMS(poc) proejct\hrms-main\hrms)
2024-08-08T10:28:28.507+05:30  INFO 13624 --- [hrms] [restartedMain] c.example.hrPortal.hrms.HrmsApplication  : No active profile set, falling back to 1 default profile: "default"
2024-08-08T10:28:30.968+05:30  INFO 13624 --- [hrms] [restartedMain] .s.d.r.c.RepositoryConfigurationDelegate : Bootstrapping Spring Data JPA repositories in DEFAULT mode.
2024-08-08T10:28:31.166+05:30  INFO 13624 --- [hrms] [restartedMain] .s.d.r.c.RepositoryConfigurationDelegate : Finished Spring Data repository scanning in 192 ms. Found 4 JPA repository interfaces.
2024-08-08T10:29:28.383+05:30  INFO 19968 --- [hrms] [restartedMain] c.example.hrPortal.hrms.HrmsApplication  : Starting HrmsApplication using Java 21.0.4 with PID 19968 (C:\Users\Mehul Shakya\Documents\HRMS(poc) proejct\hrms-main\hrms\target\classes started by Mehul Shakya in C:\Users\Mehul Shakya\Documents\HRMS(poc) proejct\hrms-main\hrms)
2024-08-08T10:29:28.388+05:30  INFO 19968 --- [hrms] [restartedMain] c.example.hrPortal.hrms.HrmsApplication  : No active profile set, falling back to 1 default profile: "default"
2024-08-08T10:29:28.493+05:30  INFO 19968 --- [hrms] [restartedMain] .e.DevToolsPropertyDefaultsPostProcessor : Devtools property defaults active! Set 'spring.devtools.add-properties' to 'false' to disable
2024-08-08T10:29:28.493+05:30  INFO 19968 --- [hrms] [restartedMain] .e.DevToolsPropertyDefaultsPostProcessor : For additional web related logging consider setting the 'logging.level.web' property to 'DEBUG'
2024-08-08T10:29:29.880+05:30  INFO 19968 --- [hrms] [restartedMain] .s.d.r.c.RepositoryConfigurationDelegate : Bootstrapping Spring Data JPA repositories in DEFAULT mode.
2024-08-08T10:29:30.017+05:30  INFO 19968 --- [hrms] [restartedMain] .s.d.r.c.RepositoryConfigurationDelegate : Finished Spring Data repository scanning in 119 ms. Found 4 JPA repository interfaces.
2024-08-08T10:29:31.128+05:30  INFO 19968 --- [hrms] [restartedMain] o.s.b.w.embedded.tomcat.TomcatWebServer  : Tomcat initialized with port 8082 (http)
2024-08-08T10:29:31.155+05:30  INFO 19968 --- [hrms] [restartedMain] o.apache.catalina.core.StandardService   : Starting service [Tomcat]
2024-08-08T10:29:31.158+05:30  INFO 19968 --- [hrms] [restartedMain] o.apache.catalina.core.StandardEngine    : Starting Servlet engine: [Apache Tomcat/10.1.26]
2024-08-08T10:29:31.271+05:30  INFO 19968 --- [hrms] [restartedMain] o.a.c.c.C.[Tomcat].[localhost].[/]       : Initializing Spring embedded WebApplicationContext
2024-08-08T10:29:31.274+05:30  INFO 19968 --- [hrms] [restartedMain] w.s.c.ServletWebServerApplicationContext : Root WebApplicationContext: initialization completed in 2779 ms
2024-08-08T10:29:31.454+05:30  INFO 19968 --- [hrms] [restartedMain] com.zaxxer.hikari.HikariDataSource       : HikariPool-1 - Starting...
2024-08-08T10:29:32.047+05:30  INFO 19968 --- [hrms] [restartedMain] com.zaxxer.hikari.pool.HikariPool        : HikariPool-1 - Added connection com.mysql.cj.jdbc.ConnectionImpl@59622dc5
2024-08-08T10:29:32.052+05:30  INFO 19968 --- [hrms] [restartedMain] com.zaxxer.hikari.HikariDataSource       : HikariPool-1 - Start completed.
2024-08-08T10:29:32.254+05:30  INFO 19968 --- [hrms] [restartedMain] o.hibernate.jpa.internal.util.LogHelper  : HHH000204: Processing PersistenceUnitInfo [name: default]
2024-08-08T10:29:32.490+05:30  INFO 19968 --- [hrms] [restartedMain] org.hibernate.Version                    : HHH000412: Hibernate ORM core version 6.5.2.Final
2024-08-08T10:29:32.587+05:30  INFO 19968 --- [hrms] [restartedMain] o.h.c.internal.RegionFactoryInitiator    : HHH000026: Second-level cache disabled
2024-08-08T10:29:33.314+05:30  INFO 19968 --- [hrms] [restartedMain] o.s.o.j.p.SpringPersistenceUnitInfo      : No LoadTimeWeaver setup: ignoring JPA class transformer
2024-08-08T10:29:33.465+05:30  WARN 19968 --- [hrms] [restartedMain] org.hibernate.orm.deprecation            : HHH90000025: MySQL8Dialect does not need to be specified explicitly using 'hibernate.dialect' (remove the property setting and it will be selected by default)
2024-08-08T10:29:33.470+05:30  WARN 19968 --- [hrms] [restartedMain] org.hibernate.orm.deprecation            : HHH90000026: MySQL8Dialect has been deprecated; use org.hibernate.dialect.MySQLDialect instead
2024-08-08T10:29:34.881+05:30  INFO 19968 --- [hrms] [restartedMain] o.h.e.t.j.p.i.JtaPlatformInitiator       : HHH000489: No JTA platform available (set 'hibernate.transaction.jta.platform' to enable JTA platform integration)
2024-08-08T10:29:35.008+05:30  INFO 19968 --- [hrms] [restartedMain] j.LocalContainerEntityManagerFactoryBean : Initialized JPA EntityManagerFactory for persistence unit 'default'
2024-08-08T10:29:35.603+05:30  WARN 19968 --- [hrms] [restartedMain] JpaBaseConfiguration$JpaWebConfiguration : spring.jpa.open-in-view is enabled by default. Therefore, database queries may be performed during view rendering. Explicitly configure spring.jpa.open-in-view to disable this warning
2024-08-08T10:29:36.273+05:30  INFO 19968 --- [hrms] [restartedMain] o.s.b.d.a.OptionalLiveReloadServer       : LiveReload server is running on port 35729
2024-08-08T10:29:36.327+05:30  INFO 19968 --- [hrms] [restartedMain] o.s.b.w.embedded.tomcat.TomcatWebServer  : Tomcat started on port 8082 (http) with context path '/'
2024-08-08T10:29:36.354+05:30  INFO 19968 --- [hrms] [restartedMain] c.example.hrPortal.hrms.HrmsApplication  : Started HrmsApplication in 8.804 seconds (process running for 10.164)
2024-08-08T10:30:12.886+05:30  INFO 19968 --- [hrms] [http-nio-8082-exec-1] o.a.c.c.C.[Tomcat].[localhost].[/]       : Initializing Spring DispatcherServlet 'dispatcherServlet'
2024-08-08T10:30:12.887+05:30  INFO 19968 --- [hrms] [http-nio-8082-exec-1] o.s.web.servlet.DispatcherServlet        : Initializing Servlet 'dispatcherServlet'
2024-08-08T10:30:12.893+05:30  INFO 19968 --- [hrms] [http-nio-8082-exec-1] o.s.web.servlet.DispatcherServlet        : Completed initialization in 6 ms
